<?xml version="1.0" encoding="utf-8"?>
<shfbBuild product="Sandcastle Help File Builder and Tools" version="2024.12.15.0" projectFile="D:\Podaga\Docs\SBDOC\SBDOC.shfbproj" started="30.03.2025 13:10:56">
<buildStep step="Initializing">
The Sandcastle tools are located in &#39;C:\Program Files (x86)\EWSoftware\Sandcastle Help File Builder&#39;
Locating components in the following folder(s):
    D:\Podaga\Docs\SBDOC
    C:\ProgramData\EWSoftware\Sandcastle Help File Builder\Components and Plug-Ins
    C:\Program Files (x86)\EWSoftware\Sandcastle Help File Builder\Components
Using framework reflection data for &#39;.NET Core/.NET Standard/.NET 5.0+&#39; located in &#39;C:\Program Files (x86)\EWSoftware\Sandcastle Help File Builder\Data\.NET&#39;
Using presentation style &#39;Default2022&#39; located in &#39;C:\Program Files (x86)\EWSoftware\Sandcastle Help File Builder\Components\Default2022&#39;
Loading and initializing plug-ins...
Website Table of Contents Generator Version 2024.12.15.0
Copyright &#169; 2006-2024, Eric Woodruff, All Rights Reserved
</buildStep>
<buildStep step="ClearWorkFolder">
Clearing working folder...
-------------------------------
Clearing any prior web/markdown output...
</buildStep>
<buildStep step="ValidatingDocumentationSources">
Validating and copying documentation source information
Source: D:\Podaga\Podaga.PersistentCollections\Podaga.PersistentCollections.csproj
    Found project &#39;D:\Podaga\Podaga.PersistentCollections\Podaga.PersistentCollections.csproj&#39;

Parsing project files
    Found assembly &#39;D:\Podaga\Podaga.PersistentCollections\bin\Debug\net9.0\Podaga.PersistentCollections.dll&#39; (.NETCoreApp 9.0)

References to include:
    Microsoft.CSharp
    Microsoft.VisualBasic
    Microsoft.VisualBasic.Core
    Microsoft.Win32.Primitives
    Microsoft.Win32.Registry
    mscorlib
    netstandard
    System
    System.AppContext
    System.Buffers
    System.Collections
    System.Collections.Concurrent
    System.Collections.Immutable
    System.Collections.NonGeneric
    System.Collections.Specialized
    System.ComponentModel
    System.ComponentModel.Annotations
    System.ComponentModel.DataAnnotations
    System.ComponentModel.EventBasedAsync
    System.ComponentModel.Primitives
    System.ComponentModel.TypeConverter
    System.Configuration
    System.Console
    System.Core
    System.Data
    System.Data.Common
    System.Data.DataSetExtensions
    System.Diagnostics.Contracts
    System.Diagnostics.Debug
    System.Diagnostics.DiagnosticSource
    System.Diagnostics.FileVersionInfo
    System.Diagnostics.Process
    System.Diagnostics.StackTrace
    System.Diagnostics.TextWriterTraceListener
    System.Diagnostics.Tools
    System.Diagnostics.TraceSource
    System.Diagnostics.Tracing
    System.Drawing
    System.Drawing.Primitives
    System.Dynamic.Runtime
    System.Formats.Asn1
    System.Formats.Tar
    System.Globalization
    System.Globalization.Calendars
    System.Globalization.Extensions
    System.IO
    System.IO.Compression
    System.IO.Compression.Brotli
    System.IO.Compression.FileSystem
    System.IO.Compression.ZipFile
    System.IO.FileSystem
    System.IO.FileSystem.AccessControl
    System.IO.FileSystem.DriveInfo
    System.IO.FileSystem.Primitives
    System.IO.FileSystem.Watcher
    System.IO.IsolatedStorage
    System.IO.MemoryMappedFiles
    System.IO.Pipelines
    System.IO.Pipes
    System.IO.Pipes.AccessControl
    System.IO.UnmanagedMemoryStream
    System.Linq
    System.Linq.Expressions
    System.Linq.Parallel
    System.Linq.Queryable
    System.Memory
    System.Net
    System.Net.Http
    System.Net.Http.Json
    System.Net.HttpListener
    System.Net.Mail
    System.Net.NameResolution
    System.Net.NetworkInformation
    System.Net.Ping
    System.Net.Primitives
    System.Net.Quic
    System.Net.Requests
    System.Net.Security
    System.Net.ServicePoint
    System.Net.Sockets
    System.Net.WebClient
    System.Net.WebHeaderCollection
    System.Net.WebProxy
    System.Net.WebSockets
    System.Net.WebSockets.Client
    System.Numerics
    System.Numerics.Vectors
    System.ObjectModel
    System.Reflection
    System.Reflection.DispatchProxy
    System.Reflection.Emit
    System.Reflection.Emit.ILGeneration
    System.Reflection.Emit.Lightweight
    System.Reflection.Extensions
    System.Reflection.Metadata
    System.Reflection.Primitives
    System.Reflection.TypeExtensions
    System.Resources.Reader
    System.Resources.ResourceManager
    System.Resources.Writer
    System.Runtime
    System.Runtime.CompilerServices.Unsafe
    System.Runtime.CompilerServices.VisualC
    System.Runtime.Extensions
    System.Runtime.Handles
    System.Runtime.InteropServices
    System.Runtime.InteropServices.JavaScript
    System.Runtime.InteropServices.RuntimeInformation
    System.Runtime.Intrinsics
    System.Runtime.Loader
    System.Runtime.Numerics
    System.Runtime.Serialization
    System.Runtime.Serialization.Formatters
    System.Runtime.Serialization.Json
    System.Runtime.Serialization.Primitives
    System.Runtime.Serialization.Xml
    System.Security
    System.Security.AccessControl
    System.Security.Claims
    System.Security.Cryptography
    System.Security.Cryptography.Algorithms
    System.Security.Cryptography.Cng
    System.Security.Cryptography.Csp
    System.Security.Cryptography.Encoding
    System.Security.Cryptography.OpenSsl
    System.Security.Cryptography.Primitives
    System.Security.Cryptography.X509Certificates
    System.Security.Principal
    System.Security.Principal.Windows
    System.Security.SecureString
    System.ServiceModel.Web
    System.ServiceProcess
    System.Text.Encoding
    System.Text.Encoding.CodePages
    System.Text.Encoding.Extensions
    System.Text.Encodings.Web
    System.Text.Json
    System.Text.RegularExpressions
    System.Threading
    System.Threading.Channels
    System.Threading.Overlapped
    System.Threading.Tasks
    System.Threading.Tasks.Dataflow
    System.Threading.Tasks.Extensions
    System.Threading.Tasks.Parallel
    System.Threading.Thread
    System.Threading.ThreadPool
    System.Threading.Timer
    System.Transactions
    System.Transactions.Local
    System.ValueTuple
    System.Web
    System.Web.HttpUtility
    System.Windows
    System.Xml
    System.Xml.Linq
    System.Xml.ReaderWriter
    System.Xml.Serialization
    System.Xml.XDocument
    System.Xml.XmlDocument
    System.Xml.XmlSerializer
    System.Xml.XPath
    System.Xml.XPath.XDocument
    WindowsBase

Copying XML comments files
    D:\Podaga\Podaga.PersistentCollections\bin\Debug\net9.0\Podaga.PersistentCollections.xml -&gt; D:\Podaga\Docs\SBDOC\Help\Working\Podaga.PersistentCollections.xml
</buildStep>
<buildStep step="GenerateSharedContent">
Generating shared content files (en-US, English (United States))...
    Last step completed in 00:00:00,0040
</buildStep>
<buildStep step="GenerateApiFilter">
Generating API filter for MRefBuilder...
    Last step completed in 00:00:00,0045
</buildStep>
<buildStep step="GenerateReflectionInfo">
Generating reflection information...
[C:\Program Files\Microsoft Visual Studio\2022\Community\MSBuild\Current\Bin\amd64\MSBuild.exe - GenerateRefInfo-151d65c7-4f32-449d-ba45-95addd7cd73b.proj]
Build started 30.03.2025 13:10:57.

Project &quot;D:\Podaga\Docs\SBDOC\Help\Working\GenerateRefInfo-151d65c7-4f32-449d-ba45-95addd7cd73b.proj&quot; on node 1 (default targets).
PrepareForBuild:
  Creating directory &quot;obj\Debug\&quot;.
GenerateRefInfo:
  Microsoft.Build (v17.13.9+e0f243f1e205c45b3b04097facd9948a881f9047)
  c Microsoft Corporation. All rights reserved.
  No source code context base path specified.  Source context information is unavailable.
  Loaded 1 assemblies for reflection and 168 dependency assemblies.
  Wrote information on 3 namespaces, 21 types, and 136 members
  Merging duplicate type and member information
  Merged 0 duplicate type(s) and 0 duplicate member(s)
Done Building Project &quot;D:\Podaga\Docs\SBDOC\Help\Working\GenerateRefInfo-151d65c7-4f32-449d-ba45-95addd7cd73b.proj&quot; (default targets).
    Last step completed in 00:00:00,6166
</buildStep>
<buildStep step="ApplyDocumentModel">
Applying document model to reflection output...
    Last step completed in 00:00:00,0335
</buildStep>
<buildStep step="AddApiTopicFilenames">
Adding topic filenames to API members...
    Last step completed in 00:00:00,0074
</buildStep>
<buildStep step="GenerateApiTopicManifest">
Generating API topic manifest...
    Last step completed in 00:00:00,0060
</buildStep>
<buildStep step="GenerateNamespaceSummaries">
Generating namespace summary information...
    Last step completed in 00:00:00,4580
</buildStep>
<buildStep step="GenerateInheritedDocumentation">
Generating inherited documentation...
Reflection information will be retrieved from &#39;D:\Podaga\Docs\SBDOC\Help\Working\reflection.xml&#39;
Indexing C:\Program Files\dotnet\packs\Microsoft.NETCore.App.Ref\9.0.2\ref\net9.0\*.xml
Indexing C:\Program Files\dotnet\packs\Microsoft.WindowsDesktop.App.Ref\9.0.2\ref\net9.0\*.xml
Indexing C:\Program Files\dotnet\packs\Microsoft.AspNetCore.App.Ref\9.0.2\ref\net9.0\*.xml
Indexing D:\Podaga\Docs\SBDOC\Help\Working\System.Xml.XPath.XDocument.xml
Indexing D:\Podaga\Docs\SBDOC\Help\Working\System.Xml.XPath.xml
Indexing D:\Podaga\Docs\SBDOC\Help\Working\System.Xml.XmlSerializer.xml
Indexing D:\Podaga\Docs\SBDOC\Help\Working\System.Xml.XDocument.xml
Indexing D:\Podaga\Docs\SBDOC\Help\Working\System.Xml.ReaderWriter.xml
Indexing D:\Podaga\Docs\SBDOC\Help\Working\System.Web.HttpUtility.xml
Indexing D:\Podaga\Docs\SBDOC\Help\Working\System.Transactions.Local.xml
Indexing D:\Podaga\Docs\SBDOC\Help\Working\System.Threading.ThreadPool.xml
Indexing D:\Podaga\Docs\SBDOC\Help\Working\System.Threading.Thread.xml
Indexing D:\Podaga\Docs\SBDOC\Help\Working\System.Threading.Tasks.Parallel.xml
Indexing D:\Podaga\Docs\SBDOC\Help\Working\System.Threading.Tasks.Dataflow.xml
Indexing D:\Podaga\Docs\SBDOC\Help\Working\System.Threading.Overlapped.xml
Indexing D:\Podaga\Docs\SBDOC\Help\Working\System.Threading.xml
Indexing D:\Podaga\Docs\SBDOC\Help\Working\System.Threading.Channels.xml
Indexing D:\Podaga\Docs\SBDOC\Help\Working\System.Text.RegularExpressions.xml
Indexing D:\Podaga\Docs\SBDOC\Help\Working\System.Text.Json.xml
Indexing D:\Podaga\Docs\SBDOC\Help\Working\System.Text.Encodings.Web.xml
Indexing D:\Podaga\Docs\SBDOC\Help\Working\System.Text.Encoding.Extensions.xml
Indexing D:\Podaga\Docs\SBDOC\Help\Working\System.Text.Encoding.CodePages.xml
Indexing D:\Podaga\Docs\SBDOC\Help\Working\System.Security.Principal.Windows.xml
Indexing D:\Podaga\Docs\SBDOC\Help\Working\System.Security.Cryptography.xml
Indexing D:\Podaga\Docs\SBDOC\Help\Working\System.Security.Claims.xml
Indexing D:\Podaga\Docs\SBDOC\Help\Working\System.Security.AccessControl.xml
Indexing D:\Podaga\Docs\SBDOC\Help\Working\System.Runtime.Serialization.Xml.xml
Indexing D:\Podaga\Docs\SBDOC\Help\Working\System.Runtime.Serialization.Primitives.xml
Indexing D:\Podaga\Docs\SBDOC\Help\Working\System.Runtime.Serialization.Json.xml
Indexing D:\Podaga\Docs\SBDOC\Help\Working\System.Runtime.Serialization.Formatters.xml
Indexing D:\Podaga\Docs\SBDOC\Help\Working\System.Runtime.Numerics.xml
Indexing D:\Podaga\Docs\SBDOC\Help\Working\System.Runtime.Loader.xml
Indexing D:\Podaga\Docs\SBDOC\Help\Working\System.Runtime.Intrinsics.xml
Indexing D:\Podaga\Docs\SBDOC\Help\Working\System.Runtime.InteropServices.JavaScript.xml
Indexing D:\Podaga\Docs\SBDOC\Help\Working\System.Runtime.InteropServices.xml
Indexing D:\Podaga\Docs\SBDOC\Help\Working\System.Runtime.xml
Indexing D:\Podaga\Docs\SBDOC\Help\Working\System.Runtime.CompilerServices.VisualC.xml
Indexing D:\Podaga\Docs\SBDOC\Help\Working\System.Resources.Writer.xml
Indexing D:\Podaga\Docs\SBDOC\Help\Working\System.Reflection.TypeExtensions.xml
Indexing D:\Podaga\Docs\SBDOC\Help\Working\System.Reflection.Primitives.xml
Indexing D:\Podaga\Docs\SBDOC\Help\Working\System.Reflection.Metadata.xml
Indexing D:\Podaga\Docs\SBDOC\Help\Working\System.Reflection.Emit.Lightweight.xml
Indexing D:\Podaga\Docs\SBDOC\Help\Working\System.Reflection.Emit.ILGeneration.xml
Indexing D:\Podaga\Docs\SBDOC\Help\Working\System.Reflection.Emit.xml
Indexing D:\Podaga\Docs\SBDOC\Help\Working\System.Reflection.DispatchProxy.xml
Indexing D:\Podaga\Docs\SBDOC\Help\Working\System.ObjectModel.xml
Indexing D:\Podaga\Docs\SBDOC\Help\Working\System.Numerics.Vectors.xml
Indexing D:\Podaga\Docs\SBDOC\Help\Working\System.Net.WebSockets.xml
Indexing D:\Podaga\Docs\SBDOC\Help\Working\System.Net.WebSockets.Client.xml
Indexing D:\Podaga\Docs\SBDOC\Help\Working\System.Net.WebProxy.xml
Indexing D:\Podaga\Docs\SBDOC\Help\Working\System.Net.WebHeaderCollection.xml
Indexing D:\Podaga\Docs\SBDOC\Help\Working\System.Net.WebClient.xml
Indexing D:\Podaga\Docs\SBDOC\Help\Working\System.Net.Sockets.xml
Indexing D:\Podaga\Docs\SBDOC\Help\Working\System.Net.Security.xml
Indexing D:\Podaga\Docs\SBDOC\Help\Working\System.Net.Requests.xml
Indexing D:\Podaga\Docs\SBDOC\Help\Working\System.Net.Quic.xml
Indexing D:\Podaga\Docs\SBDOC\Help\Working\System.Net.Primitives.xml
Indexing D:\Podaga\Docs\SBDOC\Help\Working\System.Net.Ping.xml
Indexing D:\Podaga\Docs\SBDOC\Help\Working\System.Net.NetworkInformation.xml
Indexing D:\Podaga\Docs\SBDOC\Help\Working\System.Net.NameResolution.xml
Indexing D:\Podaga\Docs\SBDOC\Help\Working\System.Net.Mail.xml
Indexing D:\Podaga\Docs\SBDOC\Help\Working\System.Net.HttpListener.xml
Indexing D:\Podaga\Docs\SBDOC\Help\Working\System.Net.Http.Json.xml
Indexing D:\Podaga\Docs\SBDOC\Help\Working\System.Net.Http.xml
Indexing D:\Podaga\Docs\SBDOC\Help\Working\System.Memory.xml
Indexing D:\Podaga\Docs\SBDOC\Help\Working\System.Linq.Queryable.xml
Indexing D:\Podaga\Docs\SBDOC\Help\Working\System.Linq.Parallel.xml
Indexing D:\Podaga\Docs\SBDOC\Help\Working\System.Linq.Expressions.xml
Indexing D:\Podaga\Docs\SBDOC\Help\Working\System.Linq.xml
Indexing D:\Podaga\Docs\SBDOC\Help\Working\System.IO.Pipes.xml
Indexing D:\Podaga\Docs\SBDOC\Help\Working\System.IO.Pipes.AccessControl.xml
Indexing D:\Podaga\Docs\SBDOC\Help\Working\System.IO.Pipelines.xml
Indexing D:\Podaga\Docs\SBDOC\Help\Working\System.IO.MemoryMappedFiles.xml
Indexing D:\Podaga\Docs\SBDOC\Help\Working\System.IO.IsolatedStorage.xml
Indexing D:\Podaga\Docs\SBDOC\Help\Working\System.IO.FileSystem.Watcher.xml
Indexing D:\Podaga\Docs\SBDOC\Help\Working\System.IO.FileSystem.DriveInfo.xml
Indexing D:\Podaga\Docs\SBDOC\Help\Working\System.IO.FileSystem.AccessControl.xml
Indexing D:\Podaga\Docs\SBDOC\Help\Working\System.IO.Compression.ZipFile.xml
Indexing D:\Podaga\Docs\SBDOC\Help\Working\System.IO.Compression.xml
Indexing D:\Podaga\Docs\SBDOC\Help\Working\System.IO.Compression.Brotli.xml
Indexing D:\Podaga\Docs\SBDOC\Help\Working\System.Formats.Tar.xml
Indexing D:\Podaga\Docs\SBDOC\Help\Working\System.Formats.Asn1.xml
Indexing D:\Podaga\Docs\SBDOC\Help\Working\System.Drawing.Primitives.xml
Indexing D:\Podaga\Docs\SBDOC\Help\Working\System.Diagnostics.Tracing.xml
Indexing D:\Podaga\Docs\SBDOC\Help\Working\System.Diagnostics.TraceSource.xml
Indexing D:\Podaga\Docs\SBDOC\Help\Working\System.Diagnostics.TextWriterTraceListener.xml
Indexing D:\Podaga\Docs\SBDOC\Help\Working\System.Diagnostics.StackTrace.xml
Indexing D:\Podaga\Docs\SBDOC\Help\Working\System.Diagnostics.Process.xml
Indexing D:\Podaga\Docs\SBDOC\Help\Working\System.Diagnostics.FileVersionInfo.xml
Indexing D:\Podaga\Docs\SBDOC\Help\Working\System.Diagnostics.DiagnosticSource.xml
Indexing D:\Podaga\Docs\SBDOC\Help\Working\System.Diagnostics.Contracts.xml
Indexing D:\Podaga\Docs\SBDOC\Help\Working\System.Data.Common.xml
Indexing D:\Podaga\Docs\SBDOC\Help\Working\System.Console.xml
Indexing D:\Podaga\Docs\SBDOC\Help\Working\System.ComponentModel.TypeConverter.xml
Indexing D:\Podaga\Docs\SBDOC\Help\Working\System.ComponentModel.Primitives.xml
Indexing D:\Podaga\Docs\SBDOC\Help\Working\System.ComponentModel.EventBasedAsync.xml
Indexing D:\Podaga\Docs\SBDOC\Help\Working\System.ComponentModel.xml
Indexing D:\Podaga\Docs\SBDOC\Help\Working\System.ComponentModel.Annotations.xml
Indexing D:\Podaga\Docs\SBDOC\Help\Working\System.Collections.Specialized.xml
Indexing D:\Podaga\Docs\SBDOC\Help\Working\System.Collections.NonGeneric.xml
Indexing D:\Podaga\Docs\SBDOC\Help\Working\System.Collections.Immutable.xml
Indexing D:\Podaga\Docs\SBDOC\Help\Working\System.Collections.xml
Indexing D:\Podaga\Docs\SBDOC\Help\Working\System.Collections.Concurrent.xml
Indexing D:\Podaga\Docs\SBDOC\Help\Working\Microsoft.Win32.Registry.xml
Indexing D:\Podaga\Docs\SBDOC\Help\Working\Microsoft.Win32.Primitives.xml
Indexing D:\Podaga\Docs\SBDOC\Help\Working\Microsoft.VisualBasic.Core.xml
Indexing D:\Podaga\Docs\SBDOC\Help\Working\Microsoft.CSharp.xml
Indexing D:\Podaga\Docs\SBDOC\Help\Working\Podaga.PersistentCollections.xml
Indexed 130853 members in 390 file(s).  105 file(s) to scan for &lt;inheritdoc /&gt; tags.
Merging inherited documentation...

Documentation merged successfully.  Merged comments were saved in &#39;D:\Podaga\Docs\SBDOC\Help\Working\_InheritedDocs_.xml&#39;.
    Last step completed in 00:00:00,9232
</buildStep>
<buildStep step="CopyConceptualContent">
Copying conceptual content...
Checking for token files...
Checking for code snippets files...
Copying images and creating the media map file...
Generating conceptual topic files
    Parsing topic file &#39;D:\Podaga\Docs\SBDOC\Content\Welcome.aml&#39;
    D:\Podaga\Docs\SBDOC\Content\Welcome.aml -&gt; D:\Podaga\Docs\SBDOC\Help\Working\ddueXml\e165bf08-271a-48ee-a361-c437960f8c68.xml
    Parsing topic file &#39;D:\Podaga\Docs\SBDOC\Content\PersistentCollections.aml&#39;
    D:\Podaga\Docs\SBDOC\Content\PersistentCollections.aml -&gt; D:\Podaga\Docs\SBDOC\Help\Working\ddueXml\90045984-e6ce-4e13-b778-ec6a15ac7b01.xml
    Parsing topic file &#39;D:\Podaga\Docs\SBDOC\Content\TreeHowto.aml&#39;
    D:\Podaga\Docs\SBDOC\Content\TreeHowto.aml -&gt; D:\Podaga\Docs\SBDOC\Help\Working\ddueXml\53289bc2-9d25-4ef4-9f8e-ecb5de16a84a.xml
    Last step completed in 00:00:00,0222
</buildStep>
<buildStep step="CreateConceptualTopicConfigs">
Creating conceptual topic configuration files...
    Companion files
    _ContentMetadata_.xml
    Merging topic IDs into reference topic manifest file
    Last step completed in 00:00:00,0105
</buildStep>
<buildStep step="CopyAdditionalContent">
Copying additional content files...
D:\Podaga\Docs\SBDOC\icons\Help.png -&gt; D:\Podaga\Docs\SBDOC\Help\Working\Output\Website\icons\Help.png
    Last step completed in 00:00:00,0025
</buildStep>
<buildStep step="MergeTablesOfContents">
Merging conceptual and additional tables of contents...
    Last step completed in 00:00:00,0020
</buildStep>
<buildStep step="GenerateIntermediateTableOfContents">
Generating intermediate table of contents file for API content...
Generating conceptual content intermediate TOC file...
    Last step completed in 00:00:00,0160
</buildStep>
<buildStep step="CreateBuildAssemblerConfigs">
Creating Sandcastle configuration files...
    Last step completed in 00:00:00,4467
</buildStep>
<buildStep step="CombiningIntermediateTocFiles">
Combining conceptual and API intermediate TOC files...
    Last step completed in 00:00:00,0080
</buildStep>
<buildStep step="MergeCustomConfigs">
Merging custom build component configurations
D:\Podaga\Docs\SBDOC\Help\Working\BuildAssembler.config
  Updating reference topic configurations.
  Updating conceptual topic configurations.
    Removing unused ExampleComponent.
    Last step completed in 00:00:00,0120
</buildStep>
<buildStep step="BuildTopics">
Building help topics...
<plugIn name="Website Table of Contents Generator" behavior="Before" priority="1000">
Loading TOC info and adding unique IDs to parent nodes
</plugIn>Loading configuration...
Processing topics...
Processed 210 topic(s)
CopyFromIndexComponent: &quot;metadata&quot; in-memory cache entries used: 1 of 15.
ResolveArtLinksComponent: Copying media files...
CopyFromIndexComponent: &quot;reflection&quot; in-memory cache entries used: 4 of 15.
CopyFromIndexComponent: &quot;comments&quot; in-memory cache entries used: 3 of 30.
<plugIn name="Website Table of Contents Generator" behavior="After" priority="1000">
Generating TOC fragment files
</plugIn>    Last step completed in 00:00:03,4697
</buildStep>
<buildStep step="CopyStandardHelpContent">
Copying standard help content...
C:\Program Files (x86)\EWSoftware\Sandcastle Help File Builder\Components\Default2022\css\bulma.css -&gt; D:\Podaga\Docs\SBDOC\Help\Working\Output\Website\css\bulma.css
C:\Program Files (x86)\EWSoftware\Sandcastle Help File Builder\Components\Default2022\css\bulma.css.map -&gt; D:\Podaga\Docs\SBDOC\Help\Working\Output\Website\css\bulma.css.map
C:\Program Files (x86)\EWSoftware\Sandcastle Help File Builder\Components\Default2022\css\bulma.min.css -&gt; D:\Podaga\Docs\SBDOC\Help\Working\Output\Website\css\bulma.min.css
C:\Program Files (x86)\EWSoftware\Sandcastle Help File Builder\Components\Default2022\css\font-awesome.css -&gt; D:\Podaga\Docs\SBDOC\Help\Working\Output\Website\css\font-awesome.css
C:\Program Files (x86)\EWSoftware\Sandcastle Help File Builder\Components\Default2022\css\font-awesome.min.css -&gt; D:\Podaga\Docs\SBDOC\Help\Working\Output\Website\css\font-awesome.min.css
C:\Program Files (x86)\EWSoftware\Sandcastle Help File Builder\Components\Default2022\css\ja-JP.css -&gt; D:\Podaga\Docs\SBDOC\Help\Working\Output\Website\css\ja-JP.css
C:\Program Files (x86)\EWSoftware\Sandcastle Help File Builder\Components\Default2022\css\ko-KR.css -&gt; D:\Podaga\Docs\SBDOC\Help\Working\Output\Website\css\ko-KR.css
C:\Program Files (x86)\EWSoftware\Sandcastle Help File Builder\Components\Default2022\css\presentationStyle.css -&gt; D:\Podaga\Docs\SBDOC\Help\Working\Output\Website\css\presentationStyle.css
C:\Program Files (x86)\EWSoftware\Sandcastle Help File Builder\Components\Default2022\css\vs.min.css -&gt; D:\Podaga\Docs\SBDOC\Help\Working\Output\Website\css\vs.min.css
C:\Program Files (x86)\EWSoftware\Sandcastle Help File Builder\Components\Default2022\css\zh-CN.css -&gt; D:\Podaga\Docs\SBDOC\Help\Working\Output\Website\css\zh-CN.css
C:\Program Files (x86)\EWSoftware\Sandcastle Help File Builder\Components\Default2022\css\zh-TW.css -&gt; D:\Podaga\Docs\SBDOC\Help\Working\Output\Website\css\zh-TW.css
C:\Program Files (x86)\EWSoftware\Sandcastle Help File Builder\Components\Default2022\icons\favicon.ico -&gt; D:\Podaga\Docs\SBDOC\Help\Working\Output\Website\icons\favicon.ico
C:\Program Files (x86)\EWSoftware\Sandcastle Help File Builder\Components\Default2022\scripts\clipboard.min.js -&gt; D:\Podaga\Docs\SBDOC\Help\Working\Output\Website\scripts\clipboard.min.js
C:\Program Files (x86)\EWSoftware\Sandcastle Help File Builder\Components\Default2022\scripts\highlight.min.js -&gt; D:\Podaga\Docs\SBDOC\Help\Working\Output\Website\scripts\highlight.min.js
C:\Program Files (x86)\EWSoftware\Sandcastle Help File Builder\Components\Default2022\scripts\jquery-3.5.1.min.js -&gt; D:\Podaga\Docs\SBDOC\Help\Working\Output\Website\scripts\jquery-3.5.1.min.js
C:\Program Files (x86)\EWSoftware\Sandcastle Help File Builder\Components\Default2022\scripts\presentationStyle.js -&gt; D:\Podaga\Docs\SBDOC\Help\Working\Output\Website\scripts\presentationStyle.js
C:\Program Files (x86)\EWSoftware\Sandcastle Help File Builder\Components\Default2022\webfonts\fa-brands-400.ttf -&gt; D:\Podaga\Docs\SBDOC\Help\Working\Output\Website\webfonts\fa-brands-400.ttf
C:\Program Files (x86)\EWSoftware\Sandcastle Help File Builder\Components\Default2022\webfonts\fa-brands-400.woff2 -&gt; D:\Podaga\Docs\SBDOC\Help\Working\Output\Website\webfonts\fa-brands-400.woff2
C:\Program Files (x86)\EWSoftware\Sandcastle Help File Builder\Components\Default2022\webfonts\fa-regular-400.ttf -&gt; D:\Podaga\Docs\SBDOC\Help\Working\Output\Website\webfonts\fa-regular-400.ttf
C:\Program Files (x86)\EWSoftware\Sandcastle Help File Builder\Components\Default2022\webfonts\fa-regular-400.woff2 -&gt; D:\Podaga\Docs\SBDOC\Help\Working\Output\Website\webfonts\fa-regular-400.woff2
C:\Program Files (x86)\EWSoftware\Sandcastle Help File Builder\Components\Default2022\webfonts\fa-solid-900.ttf -&gt; D:\Podaga\Docs\SBDOC\Help\Working\Output\Website\webfonts\fa-solid-900.ttf
C:\Program Files (x86)\EWSoftware\Sandcastle Help File Builder\Components\Default2022\webfonts\fa-solid-900.woff2 -&gt; D:\Podaga\Docs\SBDOC\Help\Working\Output\Website\webfonts\fa-solid-900.woff2
C:\Program Files (x86)\EWSoftware\Sandcastle Help File Builder\Components\Default2022\webfonts\fa-v4compatibility.ttf -&gt; D:\Podaga\Docs\SBDOC\Help\Working\Output\Website\webfonts\fa-v4compatibility.ttf
C:\Program Files (x86)\EWSoftware\Sandcastle Help File Builder\Components\Default2022\webfonts\fa-v4compatibility.woff2 -&gt; D:\Podaga\Docs\SBDOC\Help\Working\Output\Website\webfonts\fa-v4compatibility.woff2
C:\Program Files (x86)\EWSoftware\Sandcastle Help File Builder\Components\Default2022\RootWebsiteContent\GeneralError.html -&gt; D:\Podaga\Docs\SBDOC\Help\Working\Output\Website\GeneralError.html
C:\Program Files (x86)\EWSoftware\Sandcastle Help File Builder\Components\Default2022\RootWebsiteContent\index.html -&gt; D:\Podaga\Docs\SBDOC\Help\Working\Output\Website\index.html
C:\Program Files (x86)\EWSoftware\Sandcastle Help File Builder\Components\Default2022\RootWebsiteContent\PageNotFound.html -&gt; D:\Podaga\Docs\SBDOC\Help\Working\Output\Website\PageNotFound.html
C:\Program Files (x86)\EWSoftware\Sandcastle Help File Builder\Components\Default2022\RootWebsiteContent\search.html -&gt; D:\Podaga\Docs\SBDOC\Help\Working\Output\Website\search.html
C:\Program Files (x86)\EWSoftware\Sandcastle Help File Builder\Components\Default2022\RootWebsiteContent\SearchHelp.aspx -&gt; D:\Podaga\Docs\SBDOC\Help\Working\Output\Website\SearchHelp.aspx
C:\Program Files (x86)\EWSoftware\Sandcastle Help File Builder\Components\Default2022\RootWebsiteContent\SearchHelp.inc.php -&gt; D:\Podaga\Docs\SBDOC\Help\Working\Output\Website\SearchHelp.inc.php
C:\Program Files (x86)\EWSoftware\Sandcastle Help File Builder\Components\Default2022\RootWebsiteContent\SearchHelp.php -&gt; D:\Podaga\Docs\SBDOC\Help\Working\Output\Website\SearchHelp.php
C:\Program Files (x86)\EWSoftware\Sandcastle Help File Builder\Components\Default2022\RootWebsiteContent\Web.Config -&gt; D:\Podaga\Docs\SBDOC\Help\Working\Output\Website\Web.Config
    Last step completed in 00:00:00,0648
</buildStep>
<buildStep step="GenerateFullTextIndex">
Generating full-text index for the website...

    Last step completed in 00:00:00,1489
</buildStep>
<buildStep step="CopyingWebsiteFiles">
Copying website files to output folder...

Copied 341 files for the website content
    Last step completed in 00:00:00,2812
</buildStep>
<buildStep step="CleanIntermediates">
Removing intermediate files...
    Not all build output was removed from &#39;D:\Podaga\Docs\SBDOC\Help\Working\&#39;: The process cannot access the file &#39;_InheritedDocs_.xml&#39; because it is being used by another process.
    Last step completed in 00:00:00,1087
</buildStep>
<buildStep step="Completed">

Build completed successfully at 30.03.2025 13:11:03.  Total time: 00:00:07,5133

</buildStep>
</shfbBuild>
